2026-04-17 17:19:59 - [INFO] - ================================================================================
2026-04-17 17:19:59 - [INFO] - ARCHITECTURE ABLATION STUDY
2026-04-17 17:19:59 - [INFO] - Separating: SIM (Data) vs. Sector Blending (Network)
2026-04-17 17:19:59 - [INFO] - ================================================================================
2026-04-17 17:19:59 - [INFO] - Log file: logs/ablation_study_20260417_171959.log
2026-04-17 17:19:59 - [INFO] - Overriding total_timesteps to 300000
2026-04-17 17:19:59 - [INFO] - Seeds set for reproducibility
2026-04-17 17:19:59 - [INFO] - 
================================================================================
2026-04-17 17:19:59 - [INFO] - STEP 1: DATA PREPARATION
2026-04-17 17:19:59 - [INFO] - ================================================================================
2026-04-17 17:19:59 - [INFO] - Data prepared successfully
2026-04-17 17:19:59 - [INFO] - 
================================================================================
2026-04-17 17:19:59 - [INFO] - STEP 2: BUILDING GRAPHS FOR SIM ABLATION
2026-04-17 17:19:59 - [INFO] - ================================================================================
2026-04-17 17:19:59 - [INFO] - Building SIM-Active Graphs (Lagged by 1 day: [t-Tw, t-1])...
2026-04-17 17:19:59 - [INFO] - ✓ Built 1438 SIM-active graphs
2026-04-17 17:19:59 - [INFO] - Generating SIM-Ablated Graphs via Dictionary Shifting...
2026-04-17 17:19:59 - [INFO] - ✓ Generated 1438 SIM-ablated graphs
2026-04-17 17:19:59 - [INFO] - ✓ Shifted all keys forward by 1 day (removes temporal independence)
2026-04-17 17:19:59 - [INFO] - 
================================================================================
2026-04-17 17:19:59 - [INFO] - STEP 3: TRAINING ALL ABLATION CONFIGURATIONS
2026-04-17 17:19:59 - [INFO] - ================================================================================
2026-04-17 17:19:59 - [INFO] - Total configurations: 4
2026-04-17 17:19:59 - [INFO] - 
[1/4] TRAINING: Full (Baseline)
2026-04-17 17:19:59 - [INFO] -   Mode: full
2026-04-17 17:19:59 - [INFO] -   Description: SIM active + Sector Blending active
2026-04-17 17:19:59 - [INFO] -   Graph Set: SIM-ACTIVE (lagged by 1 day)
2026-04-17 17:43:58 - [INFO] - ✓ Training completed. Model saved to: models/ablation_full_20260417_171959
2026-04-17 17:43:58 - [INFO] - 
[2/4] TRAINING: w/o Signal Independence Mechanism
2026-04-17 17:43:58 - [INFO] -   Mode: no_signal_independence
2026-04-17 17:43:58 - [INFO] -   Description: SIM ablated + Sector Blending active
2026-04-17 17:43:58 - [INFO] -   Graph Set: SIM-ABLATED (overlapping)
2026-04-17 18:19:08 - [INFO] - ✓ Training completed. Model saved to: models/ablation_no_signal_independence_20260417_174358
2026-04-17 18:19:08 - [INFO] - 
[3/4] TRAINING: w/o Sector Blending
2026-04-17 18:19:08 - [INFO] -   Mode: no_sector_blending
2026-04-17 18:19:08 - [INFO] -   Description: SIM active + Sector Blending ablated
2026-04-17 18:19:08 - [INFO] -   Graph Set: SIM-ACTIVE (lagged by 1 day)
2026-04-17 18:42:09 - [INFO] - ✓ Training completed. Model saved to: models/ablation_no_sector_blending_20260417_181908
2026-04-17 18:42:09 - [INFO] - 
[4/4] TRAINING: w/o Signal Independence Mechanism + w/o Sector Blending
2026-04-17 18:42:09 - [INFO] -   Mode: no_both
2026-04-17 18:42:09 - [INFO] -   Description: SIM ablated + Sector Blending ablated
2026-04-17 18:42:09 - [INFO] -   Graph Set: SIM-ABLATED (overlapping)
2026-04-17 21:44:09 - [INFO] - ✓ Training completed. Model saved to: models/ablation_no_both_20260417_184209
2026-04-17 21:44:09 - [INFO] - 
================================================================================
2026-04-17 21:44:09 - [INFO] - STEP 4: EVALUATING ALL CONFIGURATIONS
2026-04-17 21:44:09 - [INFO] - ================================================================================
2026-04-17 21:44:09 - [INFO] - 
[1/4] EVALUATION: Full (Baseline)
2026-04-17 21:44:10 - [INFO] -   Sharpe Ratio:     1.4002
2026-04-17 21:44:10 - [INFO] -   Max Drawdown:     -0.2869
2026-04-17 21:44:10 - [INFO] -   PPD:              $1087.68
2026-04-17 21:44:10 - [INFO] -   Total Return:     1.1334
2026-04-17 21:44:10 - [INFO] - 
[2/4] EVALUATION: w/o Signal Independence Mechanism
2026-04-17 21:44:11 - [INFO] -   Sharpe Ratio:     1.3906
2026-04-17 21:44:11 - [INFO] -   Max Drawdown:     -0.2904
2026-04-17 21:44:11 - [INFO] -   PPD:              $1064.56
2026-04-17 21:44:11 - [INFO] -   Total Return:     1.1093
2026-04-17 21:44:11 - [INFO] - 
[3/4] EVALUATION: w/o Sector Blending
2026-04-17 21:44:12 - [INFO] -   Sharpe Ratio:     1.2073
2026-04-17 21:44:12 - [INFO] -   Max Drawdown:     -0.3155
2026-04-17 21:44:12 - [INFO] -   PPD:              $843.83
2026-04-17 21:44:12 - [INFO] -   Total Return:     0.8793
2026-04-17 21:44:12 - [INFO] - 
[4/4] EVALUATION: w/o Signal Independence Mechanism + w/o Sector Blending
2026-04-17 21:44:13 - [INFO] -   Sharpe Ratio:     1.1714
2026-04-17 21:44:13 - [INFO] -   Max Drawdown:     -0.3170
2026-04-17 21:44:13 - [INFO] -   PPD:              $811.55
2026-04-17 21:44:13 - [INFO] -   Total Return:     0.8456
2026-04-17 21:44:13 - [INFO] - 
================================================================================
2026-04-17 21:44:13 - [INFO] - STEP 5: GENERATING RESULTS TABLE
2026-04-17 21:44:13 - [INFO] - ================================================================================
2026-04-17 21:44:13 - [INFO] - 
================================================================================
2026-04-17 21:44:13 - [INFO] - STEP 6: SAVING RESULTS
2026-04-17 21:44:13 - [INFO] - ================================================================================
2026-04-17 21:44:13 - [INFO] - 
================================================================================
2026-04-17 21:44:13 - [INFO] - ABLATION STUDY COMPLETE
2026-04-17 21:44:13 - [INFO] - ================================================================================
2026-04-17 21:44:13 - [INFO] - Full logs saved to: logs/ablation_study_20260417_171959.log
